::1 - - [26/Jul/2020:01:06:47 +0000] "OPTIONS /superuser/getfarmers HTTP/1.1" 204 0 "http://localhost:4200/allaccounts" "Mozilla/5.0 (Windows NT 10.0; Win64; x64) AppleWebKit/537.36 (KHTML, like Gecko) Chrome/83.0.4103.116 Safari/537.36"
::1 - - [26/Jul/2020:01:06:47 +0000] "GET /superuser/getfarmers HTTP/1.1" 304 - "http://localhost:4200/allaccounts" "Mozilla/5.0 (Windows NT 10.0; Win64; x64) AppleWebKit/537.36 (KHTML, like Gecko) Chrome/83.0.4103.116 Safari/537.36"
::1 - - [26/Jul/2020:01:07:00 +0000] "OPTIONS /superuser/getfarmers HTTP/1.1" 204 0 "http://localhost:4200/allaccounts" "Mozilla/5.0 (Windows NT 10.0; Win64; x64) AppleWebKit/537.36 (KHTML, like Gecko) Chrome/83.0.4103.116 Safari/537.36"
::1 - - [26/Jul/2020:01:07:00 +0000] "GET /superuser/getfarmers HTTP/1.1" 304 - "http://localhost:4200/allaccounts" "Mozilla/5.0 (Windows NT 10.0; Win64; x64) AppleWebKit/537.36 (KHTML, like Gecko) Chrome/83.0.4103.116 Safari/537.36"
::1 - - [26/Jul/2020:01:08:25 +0000] "OPTIONS /superuser/getfarmers HTTP/1.1" 204 0 "http://localhost:4200/allaccounts" "Mozilla/5.0 (Windows NT 10.0; Win64; x64) AppleWebKit/537.36 (KHTML, like Gecko) Chrome/83.0.4103.116 Safari/537.36"
::1 - - [26/Jul/2020:01:08:25 +0000] "GET /superuser/getfarmers HTTP/1.1" 304 - "http://localhost:4200/allaccounts" "Mozilla/5.0 (Windows NT 10.0; Win64; x64) AppleWebKit/537.36 (KHTML, like Gecko) Chrome/83.0.4103.116 Safari/537.36"
::1 - - [26/Jul/2020:01:08:26 +0000] "OPTIONS /superuser/getcustomers HTTP/1.1" 204 0 "http://localhost:4200/allaccounts" "Mozilla/5.0 (Windows NT 10.0; Win64; x64) AppleWebKit/537.36 (KHTML, like Gecko) Chrome/83.0.4103.116 Safari/537.36"
::1 - - [26/Jul/2020:01:08:26 +0000] "GET /superuser/getcustomers HTTP/1.1" 200 604 "http://localhost:4200/allaccounts" "Mozilla/5.0 (Windows NT 10.0; Win64; x64) AppleWebKit/537.36 (KHTML, like Gecko) Chrome/83.0.4103.116 Safari/537.36"
::1 - - [26/Jul/2020:01:11:28 +0000] "OPTIONS /superuser/getfarmers HTTP/1.1" 204 0 "http://localhost:4200/allaccounts" "Mozilla/5.0 (Windows NT 10.0; Win64; x64) AppleWebKit/537.36 (KHTML, like Gecko) Chrome/83.0.4103.116 Safari/537.36"
::1 - - [26/Jul/2020:01:11:28 +0000] "GET /superuser/getfarmers HTTP/1.1" 304 - "http://localhost:4200/allaccounts" "Mozilla/5.0 (Windows NT 10.0; Win64; x64) AppleWebKit/537.36 (KHTML, like Gecko) Chrome/83.0.4103.116 Safari/537.36"
::1 - - [26/Jul/2020:01:12:04 +0000] "OPTIONS /superuser/getfarmer/5f077ecc475f956cac27c3b5 HTTP/1.1" 204 0 "http://localhost:4200/resetpassword" "Mozilla/5.0 (Windows NT 10.0; Win64; x64) AppleWebKit/537.36 (KHTML, like Gecko) Chrome/83.0.4103.116 Safari/537.36"
::1 - - [26/Jul/2020:01:12:04 +0000] "GET /superuser/getfarmer/5f077ecc475f956cac27c3b5 HTTP/1.1" 200 221 "http://localhost:4200/resetpassword" "Mozilla/5.0 (Windows NT 10.0; Win64; x64) AppleWebKit/537.36 (KHTML, like Gecko) Chrome/83.0.4103.116 Safari/537.36"
::1 - - [26/Jul/2020:01:12:14 +0000] "OPTIONS /superuser/getfarmer/5f077ecc475f956cac27c3b5 HTTP/1.1" 204 0 "http://localhost:4200/resetpassword" "Mozilla/5.0 (Windows NT 10.0; Win64; x64) AppleWebKit/537.36 (KHTML, like Gecko) Chrome/83.0.4103.116 Safari/537.36"
::1 - - [26/Jul/2020:01:12:14 +0000] "GET /superuser/getfarmer/5f077ecc475f956cac27c3b5 HTTP/1.1" 304 - "http://localhost:4200/resetpassword" "Mozilla/5.0 (Windows NT 10.0; Win64; x64) AppleWebKit/537.36 (KHTML, like Gecko) Chrome/83.0.4103.116 Safari/537.36"
::1 - - [26/Jul/2020:01:12:51 +0000] "OPTIONS /superuser/farmer/5f077ecc475f956cac27c3b5 HTTP/1.1" 204 0 "http://localhost:4200/resetpassword" "Mozilla/5.0 (Windows NT 10.0; Win64; x64) AppleWebKit/537.36 (KHTML, like Gecko) Chrome/83.0.4103.116 Safari/537.36"
::1 - - [26/Jul/2020:01:12:51 +0000] "PATCH /superuser/farmer/5f077ecc475f956cac27c3b5 HTTP/1.1" 200 221 "http://localhost:4200/resetpassword" "Mozilla/5.0 (Windows NT 10.0; Win64; x64) AppleWebKit/537.36 (KHTML, like Gecko) Chrome/83.0.4103.116 Safari/537.36"
::1 - - [26/Jul/2020:01:13:37 +0000] "OPTIONS /superuser/farmer/5f077ecc475f956cac27c3b5 HTTP/1.1" 204 0 "http://localhost:4200/resetpassword" "Mozilla/5.0 (Windows NT 10.0; Win64; x64) AppleWebKit/537.36 (KHTML, like Gecko) Chrome/83.0.4103.116 Safari/537.36"
::1 - - [26/Jul/2020:01:13:37 +0000] "PATCH /superuser/farmer/5f077ecc475f956cac27c3b5 HTTP/1.1" 200 221 "http://localhost:4200/resetpassword" "Mozilla/5.0 (Windows NT 10.0; Win64; x64) AppleWebKit/537.36 (KHTML, like Gecko) Chrome/83.0.4103.116 Safari/537.36"
::1 - - [26/Jul/2020:01:14:11 +0000] "OPTIONS /superuser/getfarmer/5f077ecc475f956cac27c3b5 HTTP/1.1" 204 0 "http://localhost:4200/resetpassword" "Mozilla/5.0 (Windows NT 10.0; Win64; x64) AppleWebKit/537.36 (KHTML, like Gecko) Chrome/83.0.4103.116 Safari/537.36"
::1 - - [26/Jul/2020:01:14:11 +0000] "GET /superuser/getfarmer/5f077ecc475f956cac27c3b5 HTTP/1.1" 200 221 "http://localhost:4200/resetpassword" "Mozilla/5.0 (Windows NT 10.0; Win64; x64) AppleWebKit/537.36 (KHTML, like Gecko) Chrome/83.0.4103.116 Safari/537.36"
::1 - - [26/Jul/2020:01:14:14 +0000] "OPTIONS /superuser/farmer/5f077ecc475f956cac27c3b5 HTTP/1.1" 204 0 "http://localhost:4200/resetpassword" "Mozilla/5.0 (Windows NT 10.0; Win64; x64) AppleWebKit/537.36 (KHTML, like Gecko) Chrome/83.0.4103.116 Safari/537.36"
::1 - - [26/Jul/2020:01:14:14 +0000] "PATCH /superuser/farmer/5f077ecc475f956cac27c3b5 HTTP/1.1" 200 221 "http://localhost:4200/resetpassword" "Mozilla/5.0 (Windows NT 10.0; Win64; x64) AppleWebKit/537.36 (KHTML, like Gecko) Chrome/83.0.4103.116 Safari/537.36"
::1 - - [26/Jul/2020:01:14:14 +0000] "OPTIONS /superuser/getfarmers HTTP/1.1" 204 0 "http://localhost:4200/allaccounts" "Mozilla/5.0 (Windows NT 10.0; Win64; x64) AppleWebKit/537.36 (KHTML, like Gecko) Chrome/83.0.4103.116 Safari/537.36"
::1 - - [26/Jul/2020:01:14:14 +0000] "GET /superuser/getfarmers HTTP/1.1" 200 914 "http://localhost:4200/allaccounts" "Mozilla/5.0 (Windows NT 10.0; Win64; x64) AppleWebKit/537.36 (KHTML, like Gecko) Chrome/83.0.4103.116 Safari/537.36"
::1 - - [26/Jul/2020:01:14:27 +0000] "OPTIONS /superuser/getfarmers HTTP/1.1" 204 0 "http://localhost:4200/allaccounts" "Mozilla/5.0 (Windows NT 10.0; Win64; x64) AppleWebKit/537.36 (KHTML, like Gecko) Chrome/83.0.4103.116 Safari/537.36"
::1 - - [26/Jul/2020:01:14:27 +0000] "GET /superuser/getfarmers HTTP/1.1" 304 - "http://localhost:4200/allaccounts" "Mozilla/5.0 (Windows NT 10.0; Win64; x64) AppleWebKit/537.36 (KHTML, like Gecko) Chrome/83.0.4103.116 Safari/537.36"
::1 - - [26/Jul/2020:01:18:51 +0000] "OPTIONS /farmersignin HTTP/1.1" 204 0 "http://localhost:4200/signin" "Mozilla/5.0 (Windows NT 10.0; Win64; x64) AppleWebKit/537.36 (KHTML, like Gecko) Chrome/83.0.4103.116 Safari/537.36"
::1 - - [26/Jul/2020:01:18:51 +0000] "POST /farmersignin HTTP/1.1" 200 412 "http://localhost:4200/signin" "Mozilla/5.0 (Windows NT 10.0; Win64; x64) AppleWebKit/537.36 (KHTML, like Gecko) Chrome/83.0.4103.116 Safari/537.36"
::1 - - [26/Jul/2020:01:18:57 +0000] "OPTIONS /farmersignin HTTP/1.1" 204 0 "http://localhost:4200/signin" "Mozilla/5.0 (Windows NT 10.0; Win64; x64) AppleWebKit/537.36 (KHTML, like Gecko) Chrome/83.0.4103.116 Safari/537.36"
::1 - - [26/Jul/2020:01:18:57 +0000] "POST /farmersignin HTTP/1.1" 200 412 "http://localhost:4200/signin" "Mozilla/5.0 (Windows NT 10.0; Win64; x64) AppleWebKit/537.36 (KHTML, like Gecko) Chrome/83.0.4103.116 Safari/537.36"
::1 - - [26/Jul/2020:01:18:58 +0000] "OPTIONS /farmer/orders HTTP/1.1" 204 0 "http://localhost:4200/orders" "Mozilla/5.0 (Windows NT 10.0; Win64; x64) AppleWebKit/537.36 (KHTML, like Gecko) Chrome/83.0.4103.116 Safari/537.36"
::1 - - [26/Jul/2020:01:18:58 +0000] "GET /farmer/orders HTTP/1.1" 304 - "http://localhost:4200/orders" "Mozilla/5.0 (Windows NT 10.0; Win64; x64) AppleWebKit/537.36 (KHTML, like Gecko) Chrome/83.0.4103.116 Safari/537.36"
::1 - - [26/Jul/2020:01:19:46 +0000] "OPTIONS /farmersignin HTTP/1.1" 204 0 "http://localhost:4200/signin" "Mozilla/5.0 (Windows NT 10.0; Win64; x64) AppleWebKit/537.36 (KHTML, like Gecko) Chrome/83.0.4103.116 Safari/537.36"
::1 - - [26/Jul/2020:01:19:46 +0000] "POST /farmersignin HTTP/1.1" 200 397 "http://localhost:4200/signin" "Mozilla/5.0 (Windows NT 10.0; Win64; x64) AppleWebKit/537.36 (KHTML, like Gecko) Chrome/83.0.4103.116 Safari/537.36"
::1 - - [26/Jul/2020:01:19:47 +0000] "OPTIONS /superuser/getfarmers HTTP/1.1" 204 0 "http://localhost:4200/allaccounts" "Mozilla/5.0 (Windows NT 10.0; Win64; x64) AppleWebKit/537.36 (KHTML, like Gecko) Chrome/83.0.4103.116 Safari/537.36"
::1 - - [26/Jul/2020:01:19:47 +0000] "GET /superuser/getfarmers HTTP/1.1" 304 - "http://localhost:4200/allaccounts" "Mozilla/5.0 (Windows NT 10.0; Win64; x64) AppleWebKit/537.36 (KHTML, like Gecko) Chrome/83.0.4103.116 Safari/537.36"
::1 - - [26/Jul/2020:01:19:50 +0000] "OPTIONS /superuser/getcustomers HTTP/1.1" 204 0 "http://localhost:4200/allaccounts" "Mozilla/5.0 (Windows NT 10.0; Win64; x64) AppleWebKit/537.36 (KHTML, like Gecko) Chrome/83.0.4103.116 Safari/537.36"
::1 - - [26/Jul/2020:01:19:50 +0000] "GET /superuser/getcustomers HTTP/1.1" 304 - "http://localhost:4200/allaccounts" "Mozilla/5.0 (Windows NT 10.0; Win64; x64) AppleWebKit/537.36 (KHTML, like Gecko) Chrome/83.0.4103.116 Safari/537.36"
::1 - - [26/Jul/2020:01:19:52 +0000] "OPTIONS /superuser/getcustomer/5f078010e74db966f8bdc74e HTTP/1.1" 204 0 "http://localhost:4200/resetcustomerpassword" "Mozilla/5.0 (Windows NT 10.0; Win64; x64) AppleWebKit/537.36 (KHTML, like Gecko) Chrome/83.0.4103.116 Safari/537.36"
::1 - - [26/Jul/2020:01:19:52 +0000] "GET /superuser/getcustomer/5f078010e74db966f8bdc74e HTTP/1.1" 200 195 "http://localhost:4200/resetcustomerpassword" "Mozilla/5.0 (Windows NT 10.0; Win64; x64) AppleWebKit/537.36 (KHTML, like Gecko) Chrome/83.0.4103.116 Safari/537.36"
::1 - - [26/Jul/2020:01:20:18 +0000] "OPTIONS /farmersignin HTTP/1.1" 204 0 "http://localhost:4200/signin" "Mozilla/5.0 (Windows NT 10.0; Win64; x64) AppleWebKit/537.36 (KHTML, like Gecko) Chrome/83.0.4103.116 Safari/537.36"
::1 - - [26/Jul/2020:01:20:18 +0000] "POST /farmersignin HTTP/1.1" 200 397 "http://localhost:4200/signin" "Mozilla/5.0 (Windows NT 10.0; Win64; x64) AppleWebKit/537.36 (KHTML, like Gecko) Chrome/83.0.4103.116 Safari/537.36"
::1 - - [26/Jul/2020:01:20:22 +0000] "OPTIONS /superuser/getfarmers HTTP/1.1" 204 0 "http://localhost:4200/allaccounts" "Mozilla/5.0 (Windows NT 10.0; Win64; x64) AppleWebKit/537.36 (KHTML, like Gecko) Chrome/83.0.4103.116 Safari/537.36"
::1 - - [26/Jul/2020:01:20:22 +0000] "GET /superuser/getfarmers HTTP/1.1" 304 - "http://localhost:4200/allaccounts" "Mozilla/5.0 (Windows NT 10.0; Win64; x64) AppleWebKit/537.36 (KHTML, like Gecko) Chrome/83.0.4103.116 Safari/537.36"
::1 - - [26/Jul/2020:01:20:24 +0000] "OPTIONS /superuser/getcustomers HTTP/1.1" 204 0 "http://localhost:4200/allaccounts" "Mozilla/5.0 (Windows NT 10.0; Win64; x64) AppleWebKit/537.36 (KHTML, like Gecko) Chrome/83.0.4103.116 Safari/537.36"
::1 - - [26/Jul/2020:01:20:24 +0000] "GET /superuser/getcustomers HTTP/1.1" 304 - "http://localhost:4200/allaccounts" "Mozilla/5.0 (Windows NT 10.0; Win64; x64) AppleWebKit/537.36 (KHTML, like Gecko) Chrome/83.0.4103.116 Safari/537.36"
::1 - - [26/Jul/2020:01:20:25 +0000] "OPTIONS /superuser/getcustomer/5f078010e74db966f8bdc74e HTTP/1.1" 204 0 "http://localhost:4200/resetcustomerpassword" "Mozilla/5.0 (Windows NT 10.0; Win64; x64) AppleWebKit/537.36 (KHTML, like Gecko) Chrome/83.0.4103.116 Safari/537.36"
::1 - - [26/Jul/2020:01:20:25 +0000] "GET /superuser/getcustomer/5f078010e74db966f8bdc74e HTTP/1.1" 304 - "http://localhost:4200/resetcustomerpassword" "Mozilla/5.0 (Windows NT 10.0; Win64; x64) AppleWebKit/537.36 (KHTML, like Gecko) Chrome/83.0.4103.116 Safari/537.36"
::1 - - [26/Jul/2020:01:20:43 +0000] "OPTIONS /superuser/getcustomer/5f078010e74db966f8bdc74e HTTP/1.1" 204 0 "http://localhost:4200/resetcustomerpassword" "Mozilla/5.0 (Windows NT 10.0; Win64; x64) AppleWebKit/537.36 (KHTML, like Gecko) Chrome/83.0.4103.116 Safari/537.36"
::1 - - [26/Jul/2020:01:20:43 +0000] "GET /superuser/getcustomer/5f078010e74db966f8bdc74e HTTP/1.1" 304 - "http://localhost:4200/resetcustomerpassword" "Mozilla/5.0 (Windows NT 10.0; Win64; x64) AppleWebKit/537.36 (KHTML, like Gecko) Chrome/83.0.4103.116 Safari/537.36"
::1 - - [26/Jul/2020:01:20:50 +0000] "OPTIONS /superuser/getcustomer/5f078010e74db966f8bdc74e HTTP/1.1" 204 0 "http://localhost:4200/resetcustomerpassword" "Mozilla/5.0 (Windows NT 10.0; Win64; x64) AppleWebKit/537.36 (KHTML, like Gecko) Chrome/83.0.4103.116 Safari/537.36"
::1 - - [26/Jul/2020:01:20:50 +0000] "GET /superuser/getcustomer/5f078010e74db966f8bdc74e HTTP/1.1" 304 - "http://localhost:4200/resetcustomerpassword" "Mozilla/5.0 (Windows NT 10.0; Win64; x64) AppleWebKit/537.36 (KHTML, like Gecko) Chrome/83.0.4103.116 Safari/537.36"
::1 - - [26/Jul/2020:01:20:51 +0000] "OPTIONS /superuser/getfarmers HTTP/1.1" 204 0 "http://localhost:4200/allaccounts" "Mozilla/5.0 (Windows NT 10.0; Win64; x64) AppleWebKit/537.36 (KHTML, like Gecko) Chrome/83.0.4103.116 Safari/537.36"
::1 - - [26/Jul/2020:01:20:51 +0000] "GET /superuser/getfarmers HTTP/1.1" 304 - "http://localhost:4200/allaccounts" "Mozilla/5.0 (Windows NT 10.0; Win64; x64) AppleWebKit/537.36 (KHTML, like Gecko) Chrome/83.0.4103.116 Safari/537.36"
::1 - - [26/Jul/2020:01:20:53 +0000] "GET /superuser/getfarmers HTTP/1.1" 304 - "http://localhost:4200/allaccounts" "Mozilla/5.0 (Windows NT 10.0; Win64; x64) AppleWebKit/537.36 (KHTML, like Gecko) Chrome/83.0.4103.116 Safari/537.36"
::1 - - [26/Jul/2020:01:21:18 +0000] "OPTIONS /farmersignin HTTP/1.1" 204 0 "http://localhost:4200/signin" "Mozilla/5.0 (Windows NT 10.0; Win64; x64) AppleWebKit/537.36 (KHTML, like Gecko) Chrome/83.0.4103.116 Safari/537.36"
::1 - - [26/Jul/2020:01:21:18 +0000] "POST /farmersignin HTTP/1.1" 200 397 "http://localhost:4200/signin" "Mozilla/5.0 (Windows NT 10.0; Win64; x64) AppleWebKit/537.36 (KHTML, like Gecko) Chrome/83.0.4103.116 Safari/537.36"
::1 - - [26/Jul/2020:01:21:33 +0000] "OPTIONS /farmersignin HTTP/1.1" 204 0 "http://localhost:4200/signin" "Mozilla/5.0 (Windows NT 10.0; Win64; x64) AppleWebKit/537.36 (KHTML, like Gecko) Chrome/83.0.4103.116 Safari/537.36"
::1 - - [26/Jul/2020:01:21:33 +0000] "POST /farmersignin HTTP/1.1" 200 388 "http://localhost:4200/signin" "Mozilla/5.0 (Windows NT 10.0; Win64; x64) AppleWebKit/537.36 (KHTML, like Gecko) Chrome/83.0.4103.116 Safari/537.36"
::1 - - [26/Jul/2020:01:21:34 +0000] "OPTIONS /farmer/orders HTTP/1.1" 204 0 "http://localhost:4200/orders" "Mozilla/5.0 (Windows NT 10.0; Win64; x64) AppleWebKit/537.36 (KHTML, like Gecko) Chrome/83.0.4103.116 Safari/537.36"
::1 - - [26/Jul/2020:01:21:34 +0000] "GET /farmer/orders HTTP/1.1" 200 768 "http://localhost:4200/orders" "Mozilla/5.0 (Windows NT 10.0; Win64; x64) AppleWebKit/537.36 (KHTML, like Gecko) Chrome/83.0.4103.116 Safari/537.36"
::1 - - [26/Jul/2020:01:22:16 +0000] "OPTIONS /farmersignin HTTP/1.1" 204 0 "http://localhost:4200/signin" "Mozilla/5.0 (Windows NT 10.0; Win64; x64) AppleWebKit/537.36 (KHTML, like Gecko) Chrome/83.0.4103.116 Safari/537.36"
::1 - - [26/Jul/2020:01:22:16 +0000] "POST /farmersignin HTTP/1.1" 200 388 "http://localhost:4200/signin" "Mozilla/5.0 (Windows NT 10.0; Win64; x64) AppleWebKit/537.36 (KHTML, like Gecko) Chrome/83.0.4103.116 Safari/537.36"
::1 - - [26/Jul/2020:01:22:17 +0000] "OPTIONS /farmer/orders HTTP/1.1" 204 0 "http://localhost:4200/orders" "Mozilla/5.0 (Windows NT 10.0; Win64; x64) AppleWebKit/537.36 (KHTML, like Gecko) Chrome/83.0.4103.116 Safari/537.36"
::1 - - [26/Jul/2020:01:22:17 +0000] "GET /farmer/orders HTTP/1.1" 304 - "http://localhost:4200/orders" "Mozilla/5.0 (Windows NT 10.0; Win64; x64) AppleWebKit/537.36 (KHTML, like Gecko) Chrome/83.0.4103.116 Safari/537.36"
::1 - - [26/Jul/2020:01:26:37 +0000] "OPTIONS /farmersignin HTTP/1.1" 204 0 "http://localhost:4200/signin" "Mozilla/5.0 (Windows NT 10.0; Win64; x64) AppleWebKit/537.36 (KHTML, like Gecko) Chrome/83.0.4103.116 Safari/537.36"
::1 - - [26/Jul/2020:01:26:37 +0000] "POST /farmersignin HTTP/1.1" 200 388 "http://localhost:4200/signin" "Mozilla/5.0 (Windows NT 10.0; Win64; x64) AppleWebKit/537.36 (KHTML, like Gecko) Chrome/83.0.4103.116 Safari/537.36"
::1 - - [26/Jul/2020:01:26:38 +0000] "OPTIONS /farmer/orders HTTP/1.1" 204 0 "http://localhost:4200/orders" "Mozilla/5.0 (Windows NT 10.0; Win64; x64) AppleWebKit/537.36 (KHTML, like Gecko) Chrome/83.0.4103.116 Safari/537.36"
::1 - - [26/Jul/2020:01:26:38 +0000] "GET /farmer/orders HTTP/1.1" 304 - "http://localhost:4200/orders" "Mozilla/5.0 (Windows NT 10.0; Win64; x64) AppleWebKit/537.36 (KHTML, like Gecko) Chrome/83.0.4103.116 Safari/537.36"
::1 - - [26/Jul/2020:01:27:49 +0000] "OPTIONS /farmersignin HTTP/1.1" 204 0 "http://localhost:4200/signin" "Mozilla/5.0 (Windows NT 10.0; Win64; x64) AppleWebKit/537.36 (KHTML, like Gecko) Chrome/83.0.4103.116 Safari/537.36"
::1 - - [26/Jul/2020:01:27:49 +0000] "POST /farmersignin HTTP/1.1" 200 388 "http://localhost:4200/signin" "Mozilla/5.0 (Windows NT 10.0; Win64; x64) AppleWebKit/537.36 (KHTML, like Gecko) Chrome/83.0.4103.116 Safari/537.36"
::1 - - [26/Jul/2020:01:27:51 +0000] "OPTIONS /farmer/orders HTTP/1.1" 204 0 "http://localhost:4200/orders" "Mozilla/5.0 (Windows NT 10.0; Win64; x64) AppleWebKit/537.36 (KHTML, like Gecko) Chrome/83.0.4103.116 Safari/537.36"
::1 - - [26/Jul/2020:01:27:51 +0000] "GET /farmer/orders HTTP/1.1" 304 - "http://localhost:4200/orders" "Mozilla/5.0 (Windows NT 10.0; Win64; x64) AppleWebKit/537.36 (KHTML, like Gecko) Chrome/83.0.4103.116 Safari/537.36"
::1 - - [26/Jul/2020:01:28:21 +0000] "OPTIONS /farmersignin HTTP/1.1" 204 0 "http://localhost:4200/signin" "Mozilla/5.0 (Windows NT 10.0; Win64; x64) AppleWebKit/537.36 (KHTML, like Gecko) Chrome/83.0.4103.116 Safari/537.36"
::1 - - [26/Jul/2020:01:28:21 +0000] "POST /farmersignin HTTP/1.1" 200 388 "http://localhost:4200/signin" "Mozilla/5.0 (Windows NT 10.0; Win64; x64) AppleWebKit/537.36 (KHTML, like Gecko) Chrome/83.0.4103.116 Safari/537.36"
::1 - - [26/Jul/2020:01:29:22 +0000] "OPTIONS /farmer/orders HTTP/1.1" 204 0 "http://localhost:4200/orders" "Mozilla/5.0 (Windows NT 10.0; Win64; x64) AppleWebKit/537.36 (KHTML, like Gecko) Chrome/83.0.4103.116 Safari/537.36"
::1 - - [26/Jul/2020:01:29:22 +0000] "GET /farmer/orders HTTP/1.1" 304 - "http://localhost:4200/orders" "Mozilla/5.0 (Windows NT 10.0; Win64; x64) AppleWebKit/537.36 (KHTML, like Gecko) Chrome/83.0.4103.116 Safari/537.36"
::1 - - [26/Jul/2020:01:30:05 +0000] "OPTIONS /farmersignin HTTP/1.1" 204 0 "http://localhost:4200/signin" "Mozilla/5.0 (Windows NT 10.0; Win64; x64) AppleWebKit/537.36 (KHTML, like Gecko) Chrome/83.0.4103.116 Safari/537.36"
::1 - - [26/Jul/2020:01:30:05 +0000] "POST /farmersignin HTTP/1.1" 200 388 "http://localhost:4200/signin" "Mozilla/5.0 (Windows NT 10.0; Win64; x64) AppleWebKit/537.36 (KHTML, like Gecko) Chrome/83.0.4103.116 Safari/537.36"
::1 - - [26/Jul/2020:01:30:07 +0000] "OPTIONS /farmer/orders HTTP/1.1" 204 0 "http://localhost:4200/orders" "Mozilla/5.0 (Windows NT 10.0; Win64; x64) AppleWebKit/537.36 (KHTML, like Gecko) Chrome/83.0.4103.116 Safari/537.36"
::1 - - [26/Jul/2020:01:30:07 +0000] "GET /farmer/orders HTTP/1.1" 304 - "http://localhost:4200/orders" "Mozilla/5.0 (Windows NT 10.0; Win64; x64) AppleWebKit/537.36 (KHTML, like Gecko) Chrome/83.0.4103.116 Safari/537.36"
::1 - - [26/Jul/2020:01:30:54 +0000] "OPTIONS /farmersignin HTTP/1.1" 204 0 "http://localhost:4200/signin" "Mozilla/5.0 (Windows NT 10.0; Win64; x64) AppleWebKit/537.36 (KHTML, like Gecko) Chrome/83.0.4103.116 Safari/537.36"
::1 - - [26/Jul/2020:01:30:54 +0000] "POST /farmersignin HTTP/1.1" 200 388 "http://localhost:4200/signin" "Mozilla/5.0 (Windows NT 10.0; Win64; x64) AppleWebKit/537.36 (KHTML, like Gecko) Chrome/83.0.4103.116 Safari/537.36"
::1 - - [26/Jul/2020:01:32:08 +0000] "OPTIONS /farmersignin HTTP/1.1" 204 0 "http://localhost:4200/signin" "Mozilla/5.0 (Windows NT 10.0; Win64; x64) AppleWebKit/537.36 (KHTML, like Gecko) Chrome/83.0.4103.116 Safari/537.36"
::1 - - [26/Jul/2020:01:32:08 +0000] "POST /farmersignin HTTP/1.1" 200 397 "http://localhost:4200/signin" "Mozilla/5.0 (Windows NT 10.0; Win64; x64) AppleWebKit/537.36 (KHTML, like Gecko) Chrome/83.0.4103.116 Safari/537.36"
::1 - - [26/Jul/2020:01:57:35 +0000] "OPTIONS /superuser/transactions HTTP/1.1" 204 0 "http://localhost:4200/alltransactions" "Mozilla/5.0 (Windows NT 10.0; Win64; x64) AppleWebKit/537.36 (KHTML, like Gecko) Chrome/83.0.4103.116 Safari/537.36"
::1 - - [26/Jul/2020:01:59:35 +0000] "GET /superuser/transactions HTTP/1.1" - - "http://localhost:4200/alltransactions" "Mozilla/5.0 (Windows NT 10.0; Win64; x64) AppleWebKit/537.36 (KHTML, like Gecko) Chrome/83.0.4103.116 Safari/537.36"
::1 - - [26/Jul/2020:01:59:55 +0000] "OPTIONS /superuser/transactions HTTP/1.1" 204 0 "http://localhost:4200/alltransactions" "Mozilla/5.0 (Windows NT 10.0; Win64; x64) AppleWebKit/537.36 (KHTML, like Gecko) Chrome/83.0.4103.116 Safari/537.36"
::1 - - [26/Jul/2020:01:59:55 +0000] "GET /superuser/transactions HTTP/1.1" 200 1246 "http://localhost:4200/alltransactions" "Mozilla/5.0 (Windows NT 10.0; Win64; x64) AppleWebKit/537.36 (KHTML, like Gecko) Chrome/83.0.4103.116 Safari/537.36"
::1 - - [26/Jul/2020:02:07:56 +0000] "OPTIONS /superuser/transactions HTTP/1.1" 204 0 "http://localhost:4200/alltransactions" "Mozilla/5.0 (Windows NT 10.0; Win64; x64) AppleWebKit/537.36 (KHTML, like Gecko) Chrome/83.0.4103.116 Safari/537.36"
::1 - - [26/Jul/2020:02:07:56 +0000] "GET /superuser/transactions HTTP/1.1" 304 - "http://localhost:4200/alltransactions" "Mozilla/5.0 (Windows NT 10.0; Win64; x64) AppleWebKit/537.36 (KHTML, like Gecko) Chrome/83.0.4103.116 Safari/537.36"
::1 - - [26/Jul/2020:02:08:09 +0000] "OPTIONS /superuser/transactions HTTP/1.1" 204 0 "http://localhost:4200/alltransactions" "Mozilla/5.0 (Windows NT 10.0; Win64; x64) AppleWebKit/537.36 (KHTML, like Gecko) Chrome/83.0.4103.116 Safari/537.36"
::1 - - [26/Jul/2020:02:08:09 +0000] "GET /superuser/transactions HTTP/1.1" 304 - "http://localhost:4200/alltransactions" "Mozilla/5.0 (Windows NT 10.0; Win64; x64) AppleWebKit/537.36 (KHTML, like Gecko) Chrome/83.0.4103.116 Safari/537.36"
::1 - - [26/Jul/2020:02:08:39 +0000] "OPTIONS /superuser/transactions HTTP/1.1" 204 0 "http://localhost:4200/alltransactions" "Mozilla/5.0 (Windows NT 10.0; Win64; x64) AppleWebKit/537.36 (KHTML, like Gecko) Chrome/83.0.4103.116 Safari/537.36"
::1 - - [26/Jul/2020:02:08:39 +0000] "GET /superuser/transactions HTTP/1.1" 304 - "http://localhost:4200/alltransactions" "Mozilla/5.0 (Windows NT 10.0; Win64; x64) AppleWebKit/537.36 (KHTML, like Gecko) Chrome/83.0.4103.116 Safari/537.36"
::1 - - [26/Jul/2020:02:08:49 +0000] "OPTIONS /superuser/transactions HTTP/1.1" 204 0 "http://localhost:4200/alltransactions" "Mozilla/5.0 (Windows NT 10.0; Win64; x64) AppleWebKit/537.36 (KHTML, like Gecko) Chrome/83.0.4103.116 Safari/537.36"
::1 - - [26/Jul/2020:02:08:49 +0000] "GET /superuser/transactions HTTP/1.1" 304 - "http://localhost:4200/alltransactions" "Mozilla/5.0 (Windows NT 10.0; Win64; x64) AppleWebKit/537.36 (KHTML, like Gecko) Chrome/83.0.4103.116 Safari/537.36"
::1 - - [26/Jul/2020:02:09:12 +0000] "OPTIONS /superuser/transactions HTTP/1.1" 204 0 "http://localhost:4200/alltransactions" "Mozilla/5.0 (Windows NT 10.0; Win64; x64) AppleWebKit/537.36 (KHTML, like Gecko) Chrome/83.0.4103.116 Safari/537.36"
::1 - - [26/Jul/2020:02:09:12 +0000] "GET /superuser/transactions HTTP/1.1" 304 - "http://localhost:4200/alltransactions" "Mozilla/5.0 (Windows NT 10.0; Win64; x64) AppleWebKit/537.36 (KHTML, like Gecko) Chrome/83.0.4103.116 Safari/537.36"
::1 - - [26/Jul/2020:02:09:42 +0000] "OPTIONS /superuser/transactions HTTP/1.1" 204 0 "http://localhost:4200/alltransactions" "Mozilla/5.0 (Windows NT 10.0; Win64; x64) AppleWebKit/537.36 (KHTML, like Gecko) Chrome/83.0.4103.116 Safari/537.36"
::1 - - [26/Jul/2020:02:09:42 +0000] "GET /superuser/transactions HTTP/1.1" 304 - "http://localhost:4200/alltransactions" "Mozilla/5.0 (Windows NT 10.0; Win64; x64) AppleWebKit/537.36 (KHTML, like Gecko) Chrome/83.0.4103.116 Safari/537.36"
::1 - - [26/Jul/2020:02:10:11 +0000] "OPTIONS /superuser/transactions HTTP/1.1" 204 0 "http://localhost:4200/alltransactions" "Mozilla/5.0 (Windows NT 10.0; Win64; x64) AppleWebKit/537.36 (KHTML, like Gecko) Chrome/83.0.4103.116 Safari/537.36"
::1 - - [26/Jul/2020:02:10:11 +0000] "GET /superuser/transactions HTTP/1.1" 304 - "http://localhost:4200/alltransactions" "Mozilla/5.0 (Windows NT 10.0; Win64; x64) AppleWebKit/537.36 (KHTML, like Gecko) Chrome/83.0.4103.116 Safari/537.36"
::1 - - [26/Jul/2020:02:11:18 +0000] "OPTIONS /superuser/transactions HTTP/1.1" 204 0 "http://localhost:4200/alltransactions" "Mozilla/5.0 (Windows NT 10.0; Win64; x64) AppleWebKit/537.36 (KHTML, like Gecko) Chrome/83.0.4103.116 Safari/537.36"
::1 - - [26/Jul/2020:02:11:18 +0000] "GET /superuser/transactions HTTP/1.1" 304 - "http://localhost:4200/alltransactions" "Mozilla/5.0 (Windows NT 10.0; Win64; x64) AppleWebKit/537.36 (KHTML, like Gecko) Chrome/83.0.4103.116 Safari/537.36"
::1 - - [26/Jul/2020:02:12:00 +0000] "OPTIONS /superuser/transactions HTTP/1.1" 204 0 "http://localhost:4200/alltransactions" "Mozilla/5.0 (Windows NT 10.0; Win64; x64) AppleWebKit/537.36 (KHTML, like Gecko) Chrome/83.0.4103.116 Safari/537.36"
::1 - - [26/Jul/2020:02:12:00 +0000] "GET /superuser/transactions HTTP/1.1" 304 - "http://localhost:4200/alltransactions" "Mozilla/5.0 (Windows NT 10.0; Win64; x64) AppleWebKit/537.36 (KHTML, like Gecko) Chrome/83.0.4103.116 Safari/537.36"
::1 - - [26/Jul/2020:02:12:10 +0000] "OPTIONS /superuser/transactions HTTP/1.1" 204 0 "http://localhost:4200/alltransactions" "Mozilla/5.0 (Windows NT 10.0; Win64; x64) AppleWebKit/537.36 (KHTML, like Gecko) Chrome/83.0.4103.116 Safari/537.36"
::1 - - [26/Jul/2020:02:12:10 +0000] "GET /superuser/transactions HTTP/1.1" 304 - "http://localhost:4200/alltransactions" "Mozilla/5.0 (Windows NT 10.0; Win64; x64) AppleWebKit/537.36 (KHTML, like Gecko) Chrome/83.0.4103.116 Safari/537.36"
::1 - - [26/Jul/2020:02:13:29 +0000] "OPTIONS /superuser/transactions HTTP/1.1" 204 0 "http://localhost:4200/alltransactions" "Mozilla/5.0 (Windows NT 10.0; Win64; x64) AppleWebKit/537.36 (KHTML, like Gecko) Chrome/83.0.4103.116 Safari/537.36"
::1 - - [26/Jul/2020:02:13:29 +0000] "GET /superuser/transactions HTTP/1.1" 304 - "http://localhost:4200/alltransactions" "Mozilla/5.0 (Windows NT 10.0; Win64; x64) AppleWebKit/537.36 (KHTML, like Gecko) Chrome/83.0.4103.116 Safari/537.36"
::1 - - [26/Jul/2020:02:13:42 +0000] "OPTIONS /superuser/transactions HTTP/1.1" 204 0 "http://localhost:4200/alltransactions" "Mozilla/5.0 (Windows NT 10.0; Win64; x64) AppleWebKit/537.36 (KHTML, like Gecko) Chrome/83.0.4103.116 Safari/537.36"
::1 - - [26/Jul/2020:02:13:42 +0000] "GET /superuser/transactions HTTP/1.1" 304 - "http://localhost:4200/alltransactions" "Mozilla/5.0 (Windows NT 10.0; Win64; x64) AppleWebKit/537.36 (KHTML, like Gecko) Chrome/83.0.4103.116 Safari/537.36"
::1 - - [26/Jul/2020:02:13:49 +0000] "OPTIONS /superuser/transactions HTTP/1.1" 204 0 "http://localhost:4200/alltransactions" "Mozilla/5.0 (Windows NT 10.0; Win64; x64) AppleWebKit/537.36 (KHTML, like Gecko) Chrome/83.0.4103.116 Safari/537.36"
::1 - - [26/Jul/2020:02:13:49 +0000] "GET /superuser/transactions HTTP/1.1" 304 - "http://localhost:4200/alltransactions" "Mozilla/5.0 (Windows NT 10.0; Win64; x64) AppleWebKit/537.36 (KHTML, like Gecko) Chrome/83.0.4103.116 Safari/537.36"
::1 - - [26/Jul/2020:02:19:44 +0000] "OPTIONS /superuser/transactions HTTP/1.1" 204 0 "http://localhost:4200/alltransactions" "Mozilla/5.0 (Windows NT 10.0; Win64; x64) AppleWebKit/537.36 (KHTML, like Gecko) Chrome/83.0.4103.116 Safari/537.36"
::1 - - [26/Jul/2020:02:19:44 +0000] "GET /superuser/transactions HTTP/1.1" 304 - "http://localhost:4200/alltransactions" "Mozilla/5.0 (Windows NT 10.0; Win64; x64) AppleWebKit/537.36 (KHTML, like Gecko) Chrome/83.0.4103.116 Safari/537.36"
::1 - - [26/Jul/2020:02:19:48 +0000] "GET /superuser/transactions HTTP/1.1" 304 - "http://localhost:4200/alltransactions" "Mozilla/5.0 (Windows NT 10.0; Win64; x64) AppleWebKit/537.36 (KHTML, like Gecko) Chrome/83.0.4103.116 Safari/537.36"
::1 - - [26/Jul/2020:02:26:31 +0000] "OPTIONS /superuser/transactions HTTP/1.1" 204 0 "http://localhost:4200/alltransactions" "Mozilla/5.0 (Windows NT 10.0; Win64; x64) AppleWebKit/537.36 (KHTML, like Gecko) Chrome/83.0.4103.116 Safari/537.36"
::1 - - [26/Jul/2020:02:26:31 +0000] "GET /superuser/transactions HTTP/1.1" 304 - "http://localhost:4200/alltransactions" "Mozilla/5.0 (Windows NT 10.0; Win64; x64) AppleWebKit/537.36 (KHTML, like Gecko) Chrome/83.0.4103.116 Safari/537.36"
::1 - - [26/Jul/2020:02:29:33 +0000] "OPTIONS /superuser/transactions HTTP/1.1" 204 0 "http://localhost:4200/alltransactions" "Mozilla/5.0 (Windows NT 10.0; Win64; x64) AppleWebKit/537.36 (KHTML, like Gecko) Chrome/83.0.4103.116 Safari/537.36"
::1 - - [26/Jul/2020:02:29:33 +0000] "GET /superuser/transactions HTTP/1.1" 304 - "http://localhost:4200/alltransactions" "Mozilla/5.0 (Windows NT 10.0; Win64; x64) AppleWebKit/537.36 (KHTML, like Gecko) Chrome/83.0.4103.116 Safari/537.36"
::1 - - [26/Jul/2020:02:29:36 +0000] "OPTIONS /farmer/order/5f10d39b2b9c8621b4516999 HTTP/1.1" 204 0 "http://localhost:4200/transactiondetails" "Mozilla/5.0 (Windows NT 10.0; Win64; x64) AppleWebKit/537.36 (KHTML, like Gecko) Chrome/83.0.4103.116 Safari/537.36"
::1 - - [26/Jul/2020:02:29:36 +0000] "GET /farmer/order/5f10d39b2b9c8621b4516999 HTTP/1.1" 200 17 "http://localhost:4200/transactiondetails" "Mozilla/5.0 (Windows NT 10.0; Win64; x64) AppleWebKit/537.36 (KHTML, like Gecko) Chrome/83.0.4103.116 Safari/537.36"
::1 - - [26/Jul/2020:02:29:43 +0000] "OPTIONS /superuser/transactions HTTP/1.1" 204 0 "http://localhost:4200/alltransactions" "Mozilla/5.0 (Windows NT 10.0; Win64; x64) AppleWebKit/537.36 (KHTML, like Gecko) Chrome/83.0.4103.116 Safari/537.36"
::1 - - [26/Jul/2020:02:29:43 +0000] "GET /superuser/transactions HTTP/1.1" 304 - "http://localhost:4200/alltransactions" "Mozilla/5.0 (Windows NT 10.0; Win64; x64) AppleWebKit/537.36 (KHTML, like Gecko) Chrome/83.0.4103.116 Safari/537.36"
::1 - - [26/Jul/2020:02:29:45 +0000] "OPTIONS /farmer/order/5f10d39b2b9c8621b4516999 HTTP/1.1" 204 0 "http://localhost:4200/transactiondetails" "Mozilla/5.0 (Windows NT 10.0; Win64; x64) AppleWebKit/537.36 (KHTML, like Gecko) Chrome/83.0.4103.116 Safari/537.36"
::1 - - [26/Jul/2020:02:29:45 +0000] "GET /farmer/order/5f10d39b2b9c8621b4516999 HTTP/1.1" 304 - "http://localhost:4200/transactiondetails" "Mozilla/5.0 (Windows NT 10.0; Win64; x64) AppleWebKit/537.36 (KHTML, like Gecko) Chrome/83.0.4103.116 Safari/537.36"
::1 - - [26/Jul/2020:02:29:56 +0000] "OPTIONS /superuser/transactions HTTP/1.1" 204 0 "http://localhost:4200/alltransactions" "Mozilla/5.0 (Windows NT 10.0; Win64; x64) AppleWebKit/537.36 (KHTML, like Gecko) Chrome/83.0.4103.116 Safari/537.36"
::1 - - [26/Jul/2020:02:29:56 +0000] "GET /superuser/transactions HTTP/1.1" 304 - "http://localhost:4200/alltransactions" "Mozilla/5.0 (Windows NT 10.0; Win64; x64) AppleWebKit/537.36 (KHTML, like Gecko) Chrome/83.0.4103.116 Safari/537.36"
::1 - - [26/Jul/2020:02:29:59 +0000] "OPTIONS /farmer/order/5f10d39b2b9c8621b4516999 HTTP/1.1" 204 0 "http://localhost:4200/transactiondetails" "Mozilla/5.0 (Windows NT 10.0; Win64; x64) AppleWebKit/537.36 (KHTML, like Gecko) Chrome/83.0.4103.116 Safari/537.36"
::1 - - [26/Jul/2020:02:29:59 +0000] "GET /farmer/order/5f10d39b2b9c8621b4516999 HTTP/1.1" 304 - "http://localhost:4200/transactiondetails" "Mozilla/5.0 (Windows NT 10.0; Win64; x64) AppleWebKit/537.36 (KHTML, like Gecko) Chrome/83.0.4103.116 Safari/537.36"
::1 - - [26/Jul/2020:02:31:22 +0000] "OPTIONS /superuser/order/5f10d39b2b9c8621b4516999 HTTP/1.1" 204 0 "http://localhost:4200/transactiondetails" "Mozilla/5.0 (Windows NT 10.0; Win64; x64) AppleWebKit/537.36 (KHTML, like Gecko) Chrome/83.0.4103.116 Safari/537.36"
::1 - - [26/Jul/2020:02:31:22 +0000] "GET /superuser/order/5f10d39b2b9c8621b4516999 HTTP/1.1" 200 17 "http://localhost:4200/transactiondetails" "Mozilla/5.0 (Windows NT 10.0; Win64; x64) AppleWebKit/537.36 (KHTML, like Gecko) Chrome/83.0.4103.116 Safari/537.36"
::1 - - [26/Jul/2020:02:31:50 +0000] "OPTIONS /superuser/transactions HTTP/1.1" 204 0 "http://localhost:4200/alltransactions" "Mozilla/5.0 (Windows NT 10.0; Win64; x64) AppleWebKit/537.36 (KHTML, like Gecko) Chrome/83.0.4103.116 Safari/537.36"
::1 - - [26/Jul/2020:02:31:50 +0000] "GET /superuser/transactions HTTP/1.1" 304 - "http://localhost:4200/alltransactions" "Mozilla/5.0 (Windows NT 10.0; Win64; x64) AppleWebKit/537.36 (KHTML, like Gecko) Chrome/83.0.4103.116 Safari/537.36"
::1 - - [26/Jul/2020:02:33:15 +0000] "OPTIONS /superuser/transactions HTTP/1.1" 204 0 "http://localhost:4200/alltransactions" "Mozilla/5.0 (Windows NT 10.0; Win64; x64) AppleWebKit/537.36 (KHTML, like Gecko) Chrome/83.0.4103.116 Safari/537.36"
::1 - - [26/Jul/2020:02:33:15 +0000] "GET /superuser/transactions HTTP/1.1" 304 - "http://localhost:4200/alltransactions" "Mozilla/5.0 (Windows NT 10.0; Win64; x64) AppleWebKit/537.36 (KHTML, like Gecko) Chrome/83.0.4103.116 Safari/537.36"
::1 - - [26/Jul/2020:02:33:59 +0000] "OPTIONS /superuser/transactions HTTP/1.1" 204 0 "http://localhost:4200/alltransactions" "Mozilla/5.0 (Windows NT 10.0; Win64; x64) AppleWebKit/537.36 (KHTML, like Gecko) Chrome/83.0.4103.116 Safari/537.36"
::1 - - [26/Jul/2020:02:33:59 +0000] "GET /superuser/transactions HTTP/1.1" 304 - "http://localhost:4200/alltransactions" "Mozilla/5.0 (Windows NT 10.0; Win64; x64) AppleWebKit/537.36 (KHTML, like Gecko) Chrome/83.0.4103.116 Safari/537.36"
::1 - - [26/Jul/2020:02:34:01 +0000] "OPTIONS /superuser/order/5f1a0ee5af9c6f61ac04ca57 HTTP/1.1" 204 0 "http://localhost:4200/transactiondetails" "Mozilla/5.0 (Windows NT 10.0; Win64; x64) AppleWebKit/537.36 (KHTML, like Gecko) Chrome/83.0.4103.116 Safari/537.36"
::1 - - [26/Jul/2020:02:34:01 +0000] "GET /superuser/order/5f1a0ee5af9c6f61ac04ca57 HTTP/1.1" 200 382 "http://localhost:4200/transactiondetails" "Mozilla/5.0 (Windows NT 10.0; Win64; x64) AppleWebKit/537.36 (KHTML, like Gecko) Chrome/83.0.4103.116 Safari/537.36"
::1 - - [26/Jul/2020:02:34:05 +0000] "OPTIONS /superuser/transactions HTTP/1.1" 204 0 "http://localhost:4200/alltransactions" "Mozilla/5.0 (Windows NT 10.0; Win64; x64) AppleWebKit/537.36 (KHTML, like Gecko) Chrome/83.0.4103.116 Safari/537.36"
::1 - - [26/Jul/2020:02:34:05 +0000] "GET /superuser/transactions HTTP/1.1" 304 - "http://localhost:4200/alltransactions" "Mozilla/5.0 (Windows NT 10.0; Win64; x64) AppleWebKit/537.36 (KHTML, like Gecko) Chrome/83.0.4103.116 Safari/537.36"
::1 - - [26/Jul/2020:02:34:07 +0000] "OPTIONS /superuser/order/5f19d8ad04d55170ec90c0c4 HTTP/1.1" 204 0 "http://localhost:4200/transactiondetails" "Mozilla/5.0 (Windows NT 10.0; Win64; x64) AppleWebKit/537.36 (KHTML, like Gecko) Chrome/83.0.4103.116 Safari/537.36"
::1 - - [26/Jul/2020:02:34:07 +0000] "GET /superuser/order/5f19d8ad04d55170ec90c0c4 HTTP/1.1" 200 383 "http://localhost:4200/transactiondetails" "Mozilla/5.0 (Windows NT 10.0; Win64; x64) AppleWebKit/537.36 (KHTML, like Gecko) Chrome/83.0.4103.116 Safari/537.36"
::1 - - [26/Jul/2020:02:34:09 +0000] "GET /superuser/transactions HTTP/1.1" 304 - "http://localhost:4200/alltransactions" "Mozilla/5.0 (Windows NT 10.0; Win64; x64) AppleWebKit/537.36 (KHTML, like Gecko) Chrome/83.0.4103.116 Safari/537.36"
::1 - - [26/Jul/2020:02:34:09 +0000] "OPTIONS /superuser/order/5f1a0ee5af9c6f61ac04ca57 HTTP/1.1" 204 0 "http://localhost:4200/transactiondetails" "Mozilla/5.0 (Windows NT 10.0; Win64; x64) AppleWebKit/537.36 (KHTML, like Gecko) Chrome/83.0.4103.116 Safari/537.36"
::1 - - [26/Jul/2020:02:34:09 +0000] "GET /superuser/order/5f1a0ee5af9c6f61ac04ca57 HTTP/1.1" 304 - "http://localhost:4200/transactiondetails" "Mozilla/5.0 (Windows NT 10.0; Win64; x64) AppleWebKit/537.36 (KHTML, like Gecko) Chrome/83.0.4103.116 Safari/537.36"
::1 - - [26/Jul/2020:02:34:15 +0000] "OPTIONS /superuser/transactions HTTP/1.1" 204 0 "http://localhost:4200/alltransactions" "Mozilla/5.0 (Windows NT 10.0; Win64; x64) AppleWebKit/537.36 (KHTML, like Gecko) Chrome/83.0.4103.116 Safari/537.36"
::1 - - [26/Jul/2020:02:34:15 +0000] "GET /superuser/transactions HTTP/1.1" 304 - "http://localhost:4200/alltransactions" "Mozilla/5.0 (Windows NT 10.0; Win64; x64) AppleWebKit/537.36 (KHTML, like Gecko) Chrome/83.0.4103.116 Safari/537.36"
::1 - - [26/Jul/2020:02:34:16 +0000] "OPTIONS /superuser/order/5f19d87604d55170ec90c0c3 HTTP/1.1" 204 0 "http://localhost:4200/transactiondetails" "Mozilla/5.0 (Windows NT 10.0; Win64; x64) AppleWebKit/537.36 (KHTML, like Gecko) Chrome/83.0.4103.116 Safari/537.36"
::1 - - [26/Jul/2020:02:34:16 +0000] "GET /superuser/order/5f19d87604d55170ec90c0c3 HTTP/1.1" 200 477 "http://localhost:4200/transactiondetails" "Mozilla/5.0 (Windows NT 10.0; Win64; x64) AppleWebKit/537.36 (KHTML, like Gecko) Chrome/83.0.4103.116 Safari/537.36"
::1 - - [26/Jul/2020:02:34:18 +0000] "GET /superuser/transactions HTTP/1.1" 304 - "http://localhost:4200/alltransactions" "Mozilla/5.0 (Windows NT 10.0; Win64; x64) AppleWebKit/537.36 (KHTML, like Gecko) Chrome/83.0.4103.116 Safari/537.36"
::1 - - [26/Jul/2020:02:34:19 +0000] "OPTIONS /superuser/order/5f1a0ee5af9c6f61ac04ca57 HTTP/1.1" 204 0 "http://localhost:4200/transactiondetails" "Mozilla/5.0 (Windows NT 10.0; Win64; x64) AppleWebKit/537.36 (KHTML, like Gecko) Chrome/83.0.4103.116 Safari/537.36"
::1 - - [26/Jul/2020:02:34:19 +0000] "GET /superuser/order/5f1a0ee5af9c6f61ac04ca57 HTTP/1.1" 304 - "http://localhost:4200/transactiondetails" "Mozilla/5.0 (Windows NT 10.0; Win64; x64) AppleWebKit/537.36 (KHTML, like Gecko) Chrome/83.0.4103.116 Safari/537.36"
::1 - - [26/Jul/2020:02:34:21 +0000] "OPTIONS /superuser/transactions HTTP/1.1" 204 0 "http://localhost:4200/alltransactions" "Mozilla/5.0 (Windows NT 10.0; Win64; x64) AppleWebKit/537.36 (KHTML, like Gecko) Chrome/83.0.4103.116 Safari/537.36"
::1 - - [26/Jul/2020:02:34:21 +0000] "GET /superuser/transactions HTTP/1.1" 304 - "http://localhost:4200/alltransactions" "Mozilla/5.0 (Windows NT 10.0; Win64; x64) AppleWebKit/537.36 (KHTML, like Gecko) Chrome/83.0.4103.116 Safari/537.36"
::1 - - [26/Jul/2020:02:34:22 +0000] "OPTIONS /superuser/order/5f19d8ad04d55170ec90c0c4 HTTP/1.1" 204 0 "http://localhost:4200/transactiondetails" "Mozilla/5.0 (Windows NT 10.0; Win64; x64) AppleWebKit/537.36 (KHTML, like Gecko) Chrome/83.0.4103.116 Safari/537.36"
::1 - - [26/Jul/2020:02:34:22 +0000] "GET /superuser/order/5f19d8ad04d55170ec90c0c4 HTTP/1.1" 304 - "http://localhost:4200/transactiondetails" "Mozilla/5.0 (Windows NT 10.0; Win64; x64) AppleWebKit/537.36 (KHTML, like Gecko) Chrome/83.0.4103.116 Safari/537.36"
::1 - - [26/Jul/2020:02:34:27 +0000] "OPTIONS /superuser/transactions HTTP/1.1" 204 0 "http://localhost:4200/alltransactions" "Mozilla/5.0 (Windows NT 10.0; Win64; x64) AppleWebKit/537.36 (KHTML, like Gecko) Chrome/83.0.4103.116 Safari/537.36"
::1 - - [26/Jul/2020:02:34:27 +0000] "GET /superuser/transactions HTTP/1.1" 304 - "http://localhost:4200/alltransactions" "Mozilla/5.0 (Windows NT 10.0; Win64; x64) AppleWebKit/537.36 (KHTML, like Gecko) Chrome/83.0.4103.116 Safari/537.36"
::1 - - [26/Jul/2020:02:34:29 +0000] "OPTIONS /superuser/order/5f19d87604d55170ec90c0c3 HTTP/1.1" 204 0 "http://localhost:4200/transactiondetails" "Mozilla/5.0 (Windows NT 10.0; Win64; x64) AppleWebKit/537.36 (KHTML, like Gecko) Chrome/83.0.4103.116 Safari/537.36"
::1 - - [26/Jul/2020:02:34:29 +0000] "GET /superuser/order/5f19d87604d55170ec90c0c3 HTTP/1.1" 304 - "http://localhost:4200/transactiondetails" "Mozilla/5.0 (Windows NT 10.0; Win64; x64) AppleWebKit/537.36 (KHTML, like Gecko) Chrome/83.0.4103.116 Safari/537.36"
::1 - - [26/Jul/2020:02:34:33 +0000] "OPTIONS /superuser/transactions HTTP/1.1" 204 0 "http://localhost:4200/alltransactions" "Mozilla/5.0 (Windows NT 10.0; Win64; x64) AppleWebKit/537.36 (KHTML, like Gecko) Chrome/83.0.4103.116 Safari/537.36"
::1 - - [26/Jul/2020:02:34:33 +0000] "GET /superuser/transactions HTTP/1.1" 304 - "http://localhost:4200/alltransactions" "Mozilla/5.0 (Windows NT 10.0; Win64; x64) AppleWebKit/537.36 (KHTML, like Gecko) Chrome/83.0.4103.116 Safari/537.36"
::1 - - [26/Jul/2020:02:34:37 +0000] "OPTIONS /superuser/order/5f19d87604d55170ec90c0c3 HTTP/1.1" 204 0 "http://localhost:4200/transactiondetails" "Mozilla/5.0 (Windows NT 10.0; Win64; x64) AppleWebKit/537.36 (KHTML, like Gecko) Chrome/83.0.4103.116 Safari/537.36"
::1 - - [26/Jul/2020:02:34:37 +0000] "GET /superuser/order/5f19d87604d55170ec90c0c3 HTTP/1.1" 304 - "http://localhost:4200/transactiondetails" "Mozilla/5.0 (Windows NT 10.0; Win64; x64) AppleWebKit/537.36 (KHTML, like Gecko) Chrome/83.0.4103.116 Safari/537.36"
::1 - - [26/Jul/2020:02:34:43 +0000] "OPTIONS /superuser/transactions HTTP/1.1" 204 0 "http://localhost:4200/alltransactions" "Mozilla/5.0 (Windows NT 10.0; Win64; x64) AppleWebKit/537.36 (KHTML, like Gecko) Chrome/83.0.4103.116 Safari/537.36"
::1 - - [26/Jul/2020:02:34:43 +0000] "GET /superuser/transactions HTTP/1.1" 304 - "http://localhost:4200/alltransactions" "Mozilla/5.0 (Windows NT 10.0; Win64; x64) AppleWebKit/537.36 (KHTML, like Gecko) Chrome/83.0.4103.116 Safari/537.36"
::1 - - [26/Jul/2020:02:35:05 +0000] "OPTIONS /superuser/transactions HTTP/1.1" 204 0 "http://localhost:4200/alltransactions" "Mozilla/5.0 (Windows NT 10.0; Win64; x64) AppleWebKit/537.36 (KHTML, like Gecko) Chrome/83.0.4103.116 Safari/537.36"
::1 - - [26/Jul/2020:02:35:05 +0000] "GET /superuser/transactions HTTP/1.1" 304 - "http://localhost:4200/alltransactions" "Mozilla/5.0 (Windows NT 10.0; Win64; x64) AppleWebKit/537.36 (KHTML, like Gecko) Chrome/83.0.4103.116 Safari/537.36"
::1 - - [26/Jul/2020:02:35:06 +0000] "OPTIONS /superuser/order/5f1a0ee5af9c6f61ac04ca57 HTTP/1.1" 204 0 "http://localhost:4200/transactiondetails" "Mozilla/5.0 (Windows NT 10.0; Win64; x64) AppleWebKit/537.36 (KHTML, like Gecko) Chrome/83.0.4103.116 Safari/537.36"
::1 - - [26/Jul/2020:02:35:06 +0000] "GET /superuser/order/5f1a0ee5af9c6f61ac04ca57 HTTP/1.1" 304 - "http://localhost:4200/transactiondetails" "Mozilla/5.0 (Windows NT 10.0; Win64; x64) AppleWebKit/537.36 (KHTML, like Gecko) Chrome/83.0.4103.116 Safari/537.36"
::1 - - [26/Jul/2020:02:35:30 +0000] "OPTIONS /superuser/transactions HTTP/1.1" 204 0 "http://localhost:4200/alltransactions" "Mozilla/5.0 (Windows NT 10.0; Win64; x64) AppleWebKit/537.36 (KHTML, like Gecko) Chrome/83.0.4103.116 Safari/537.36"
::1 - - [26/Jul/2020:02:35:30 +0000] "GET /superuser/transactions HTTP/1.1" 304 - "http://localhost:4200/alltransactions" "Mozilla/5.0 (Windows NT 10.0; Win64; x64) AppleWebKit/537.36 (KHTML, like Gecko) Chrome/83.0.4103.116 Safari/537.36"
::1 - - [26/Jul/2020:02:35:59 +0000] "OPTIONS /superuser/order/5f1a0ee5af9c6f61ac04ca57 HTTP/1.1" 204 0 "http://localhost:4200/transactiondetails" "Mozilla/5.0 (Windows NT 10.0; Win64; x64) AppleWebKit/537.36 (KHTML, like Gecko) Chrome/83.0.4103.116 Safari/537.36"
::1 - - [26/Jul/2020:02:35:59 +0000] "GET /superuser/order/5f1a0ee5af9c6f61ac04ca57 HTTP/1.1" 304 - "http://localhost:4200/transactiondetails" "Mozilla/5.0 (Windows NT 10.0; Win64; x64) AppleWebKit/537.36 (KHTML, like Gecko) Chrome/83.0.4103.116 Safari/537.36"
::1 - - [26/Jul/2020:02:36:03 +0000] "GET /superuser/order/5f1a0ee5af9c6f61ac04ca57 HTTP/1.1" 304 - "http://localhost:4200/transactiondetails" "Mozilla/5.0 (Windows NT 10.0; Win64; x64) AppleWebKit/537.36 (KHTML, like Gecko) Chrome/83.0.4103.116 Safari/537.36"
::1 - - [26/Jul/2020:02:36:18 +0000] "OPTIONS /superuser/order/5f1a0ee5af9c6f61ac04ca57 HTTP/1.1" 204 0 "http://localhost:4200/transactiondetails" "Mozilla/5.0 (Windows NT 10.0; Win64; x64) AppleWebKit/537.36 (KHTML, like Gecko) Chrome/83.0.4103.116 Safari/537.36"
::1 - - [26/Jul/2020:02:36:18 +0000] "GET /superuser/order/5f1a0ee5af9c6f61ac04ca57 HTTP/1.1" 304 - "http://localhost:4200/transactiondetails" "Mozilla/5.0 (Windows NT 10.0; Win64; x64) AppleWebKit/537.36 (KHTML, like Gecko) Chrome/83.0.4103.116 Safari/537.36"
::1 - - [26/Jul/2020:02:36:27 +0000] "OPTIONS /superuser/order/5f1a0ee5af9c6f61ac04ca57 HTTP/1.1" 204 0 "http://localhost:4200/transactiondetails" "Mozilla/5.0 (Windows NT 10.0; Win64; x64) AppleWebKit/537.36 (KHTML, like Gecko) Chrome/83.0.4103.116 Safari/537.36"
::1 - - [26/Jul/2020:02:36:27 +0000] "GET /superuser/order/5f1a0ee5af9c6f61ac04ca57 HTTP/1.1" 304 - "http://localhost:4200/transactiondetails" "Mozilla/5.0 (Windows NT 10.0; Win64; x64) AppleWebKit/537.36 (KHTML, like Gecko) Chrome/83.0.4103.116 Safari/537.36"
::1 - - [26/Jul/2020:02:37:08 +0000] "OPTIONS /superuser/order/5f1a0ee5af9c6f61ac04ca57 HTTP/1.1" 204 0 "http://localhost:4200/transactiondetails" "Mozilla/5.0 (Windows NT 10.0; Win64; x64) AppleWebKit/537.36 (KHTML, like Gecko) Chrome/83.0.4103.116 Safari/537.36"
::1 - - [26/Jul/2020:02:37:09 +0000] "GET /superuser/order/5f1a0ee5af9c6f61ac04ca57 HTTP/1.1" 304 - "http://localhost:4200/transactiondetails" "Mozilla/5.0 (Windows NT 10.0; Win64; x64) AppleWebKit/537.36 (KHTML, like Gecko) Chrome/83.0.4103.116 Safari/537.36"
::1 - - [26/Jul/2020:02:37:54 +0000] "OPTIONS /superuser/order/5f1a0ee5af9c6f61ac04ca57 HTTP/1.1" 204 0 "http://localhost:4200/transactiondetails" "Mozilla/5.0 (Windows NT 10.0; Win64; x64) AppleWebKit/537.36 (KHTML, like Gecko) Chrome/83.0.4103.116 Safari/537.36"
::1 - - [26/Jul/2020:02:37:54 +0000] "GET /superuser/order/5f1a0ee5af9c6f61ac04ca57 HTTP/1.1" 304 - "http://localhost:4200/transactiondetails" "Mozilla/5.0 (Windows NT 10.0; Win64; x64) AppleWebKit/537.36 (KHTML, like Gecko) Chrome/83.0.4103.116 Safari/537.36"
::1 - - [26/Jul/2020:02:38:10 +0000] "OPTIONS /superuser/order/5f1a0ee5af9c6f61ac04ca57 HTTP/1.1" 204 0 "http://localhost:4200/transactiondetails" "Mozilla/5.0 (Windows NT 10.0; Win64; x64) AppleWebKit/537.36 (KHTML, like Gecko) Chrome/83.0.4103.116 Safari/537.36"
::1 - - [26/Jul/2020:02:38:10 +0000] "GET /superuser/order/5f1a0ee5af9c6f61ac04ca57 HTTP/1.1" 304 - "http://localhost:4200/transactiondetails" "Mozilla/5.0 (Windows NT 10.0; Win64; x64) AppleWebKit/537.36 (KHTML, like Gecko) Chrome/83.0.4103.116 Safari/537.36"
::1 - - [26/Jul/2020:02:38:11 +0000] "OPTIONS /superuser/transactions HTTP/1.1" 204 0 "http://localhost:4200/alltransactions" "Mozilla/5.0 (Windows NT 10.0; Win64; x64) AppleWebKit/537.36 (KHTML, like Gecko) Chrome/83.0.4103.116 Safari/537.36"
::1 - - [26/Jul/2020:02:38:11 +0000] "GET /superuser/transactions HTTP/1.1" 304 - "http://localhost:4200/alltransactions" "Mozilla/5.0 (Windows NT 10.0; Win64; x64) AppleWebKit/537.36 (KHTML, like Gecko) Chrome/83.0.4103.116 Safari/537.36"
::1 - - [26/Jul/2020:02:38:12 +0000] "OPTIONS /superuser/order/5f19d87604d55170ec90c0c3 HTTP/1.1" 204 0 "http://localhost:4200/transactiondetails" "Mozilla/5.0 (Windows NT 10.0; Win64; x64) AppleWebKit/537.36 (KHTML, like Gecko) Chrome/83.0.4103.116 Safari/537.36"
::1 - - [26/Jul/2020:02:38:12 +0000] "GET /superuser/order/5f19d87604d55170ec90c0c3 HTTP/1.1" 304 - "http://localhost:4200/transactiondetails" "Mozilla/5.0 (Windows NT 10.0; Win64; x64) AppleWebKit/537.36 (KHTML, like Gecko) Chrome/83.0.4103.116 Safari/537.36"
::1 - - [26/Jul/2020:02:38:15 +0000] "GET /superuser/transactions HTTP/1.1" 304 - "http://localhost:4200/alltransactions" "Mozilla/5.0 (Windows NT 10.0; Win64; x64) AppleWebKit/537.36 (KHTML, like Gecko) Chrome/83.0.4103.116 Safari/537.36"
::ffff:127.0.0.1 - - [26/Jul/2020:02:49:07 +0000] "GET /superuser/requestlog HTTP/1.1" 401 43 "-" "vscode-restclient"
::ffff:127.0.0.1 - - [26/Jul/2020:02:57:43 +0000] "GET /superuser/requestlog HTTP/1.1" - - "-" "vscode-restclient"
::ffff:127.0.0.1 - - [26/Jul/2020:03:07:06 +0000] "GET /superuser/requestlog HTTP/1.1" 200 49036 "-" "vscode-restclient"
::ffff:127.0.0.1 - - [26/Jul/2020:03:08:28 +0000] "GET /superuser/requestlog HTTP/1.1" 200 49164 "-" "vscode-restclient"
::1 - - [26/Jul/2020:03:16:45 +0000] "OPTIONS /superuser/requestlog HTTP/1.1" 204 0 "http://localhost:4200/allrequests" "Mozilla/5.0 (Windows NT 10.0; Win64; x64) AppleWebKit/537.36 (KHTML, like Gecko) Chrome/83.0.4103.116 Safari/537.36"
::1 - - [26/Jul/2020:03:16:45 +0000] "GET /superuser/requestlog HTTP/1.1" 200 49738 "http://localhost:4200/allrequests" "Mozilla/5.0 (Windows NT 10.0; Win64; x64) AppleWebKit/537.36 (KHTML, like Gecko) Chrome/83.0.4103.116 Safari/537.36"
::1 - - [26/Jul/2020:03:19:09 +0000] "OPTIONS /superuser/requestlog HTTP/1.1" 204 0 "http://localhost:4200/allrequests" "Mozilla/5.0 (Windows NT 10.0; Win64; x64) AppleWebKit/537.36 (KHTML, like Gecko) Chrome/83.0.4103.116 Safari/537.36"
::1 - - [26/Jul/2020:03:19:09 +0000] "GET /superuser/requestlog HTTP/1.1" 200 50230 "http://localhost:4200/allrequests" "Mozilla/5.0 (Windows NT 10.0; Win64; x64) AppleWebKit/537.36 (KHTML, like Gecko) Chrome/83.0.4103.116 Safari/537.36"
::1 - - [26/Jul/2020:03:19:35 +0000] "OPTIONS /superuser/transactions HTTP/1.1" 204 0 "http://localhost:4200/alltransactions" "Mozilla/5.0 (Windows NT 10.0; Win64; x64) AppleWebKit/537.36 (KHTML, like Gecko) Chrome/83.0.4103.116 Safari/537.36"
::1 - - [26/Jul/2020:03:19:35 +0000] "GET /superuser/transactions HTTP/1.1" 304 - "http://localhost:4200/alltransactions" "Mozilla/5.0 (Windows NT 10.0; Win64; x64) AppleWebKit/537.36 (KHTML, like Gecko) Chrome/83.0.4103.116 Safari/537.36"
::1 - - [26/Jul/2020:03:19:36 +0000] "OPTIONS /superuser/getfarmers HTTP/1.1" 204 0 "http://localhost:4200/allaccounts" "Mozilla/5.0 (Windows NT 10.0; Win64; x64) AppleWebKit/537.36 (KHTML, like Gecko) Chrome/83.0.4103.116 Safari/537.36"
::1 - - [26/Jul/2020:03:19:36 +0000] "GET /superuser/getfarmers HTTP/1.1" 304 - "http://localhost:4200/allaccounts" "Mozilla/5.0 (Windows NT 10.0; Win64; x64) AppleWebKit/537.36 (KHTML, like Gecko) Chrome/83.0.4103.116 Safari/537.36"
::1 - - [26/Jul/2020:03:19:36 +0000] "OPTIONS /superuser/requestlog HTTP/1.1" 204 0 "http://localhost:4200/allrequests" "Mozilla/5.0 (Windows NT 10.0; Win64; x64) AppleWebKit/537.36 (KHTML, like Gecko) Chrome/83.0.4103.116 Safari/537.36"
::1 - - [26/Jul/2020:03:19:36 +0000] "GET /superuser/requestlog HTTP/1.1" 200 51710 "http://localhost:4200/allrequests" "Mozilla/5.0 (Windows NT 10.0; Win64; x64) AppleWebKit/537.36 (KHTML, like Gecko) Chrome/83.0.4103.116 Safari/537.36"
::1 - - [28/Jul/2020:16:15:25 +0000] "OPTIONS /farmersignin HTTP/1.1" 204 0 "http://localhost:4200/signin" "Mozilla/5.0 (Windows NT 10.0; Win64; x64) AppleWebKit/537.36 (KHTML, like Gecko) Chrome/83.0.4103.116 Safari/537.36"
::1 - - [28/Jul/2020:16:15:25 +0000] "POST /farmersignin HTTP/1.1" 404 43 "http://localhost:4200/signin" "Mozilla/5.0 (Windows NT 10.0; Win64; x64) AppleWebKit/537.36 (KHTML, like Gecko) Chrome/83.0.4103.116 Safari/537.36"
::1 - - [28/Jul/2020:16:15:29 +0000] "POST /farmersignin HTTP/1.1" 200 388 "http://localhost:4200/signin" "Mozilla/5.0 (Windows NT 10.0; Win64; x64) AppleWebKit/537.36 (KHTML, like Gecko) Chrome/83.0.4103.116 Safari/537.36"
::1 - - [28/Jul/2020:16:15:33 +0000] "OPTIONS /farmer/orders HTTP/1.1" 204 0 "http://localhost:4200/orders" "Mozilla/5.0 (Windows NT 10.0; Win64; x64) AppleWebKit/537.36 (KHTML, like Gecko) Chrome/83.0.4103.116 Safari/537.36"
::1 - - [28/Jul/2020:16:15:33 +0000] "GET /farmer/orders HTTP/1.1" 200 768 "http://localhost:4200/orders" "Mozilla/5.0 (Windows NT 10.0; Win64; x64) AppleWebKit/537.36 (KHTML, like Gecko) Chrome/83.0.4103.116 Safari/537.36"
::1 - - [28/Jul/2020:16:15:33 +0000] "OPTIONS /farmer HTTP/1.1" 204 0 "http://localhost:4200/products" "Mozilla/5.0 (Windows NT 10.0; Win64; x64) AppleWebKit/537.36 (KHTML, like Gecko) Chrome/83.0.4103.116 Safari/537.36"
::1 - - [28/Jul/2020:16:15:33 +0000] "GET /farmer HTTP/1.1" 200 420 "http://localhost:4200/products" "Mozilla/5.0 (Windows NT 10.0; Win64; x64) AppleWebKit/537.36 (KHTML, like Gecko) Chrome/83.0.4103.116 Safari/537.36"
::1 - - [28/Jul/2020:16:15:34 +0000] "GET /farmer/orders HTTP/1.1" 304 - "http://localhost:4200/orders" "Mozilla/5.0 (Windows NT 10.0; Win64; x64) AppleWebKit/537.36 (KHTML, like Gecko) Chrome/83.0.4103.116 Safari/537.36"
::1 - - [28/Jul/2020:16:15:37 +0000] "GET /farmer HTTP/1.1" 304 - "http://localhost:4200/products" "Mozilla/5.0 (Windows NT 10.0; Win64; x64) AppleWebKit/537.36 (KHTML, like Gecko) Chrome/83.0.4103.116 Safari/537.36"
::1 - - [28/Jul/2020:16:15:38 +0000] "OPTIONS /farmer/5f10d09aada13685f830cfda HTTP/1.1" 204 0 "http://localhost:4200/editproduct" "Mozilla/5.0 (Windows NT 10.0; Win64; x64) AppleWebKit/537.36 (KHTML, like Gecko) Chrome/83.0.4103.116 Safari/537.36"
::1 - - [28/Jul/2020:16:15:38 +0000] "GET /farmer/5f10d09aada13685f830cfda HTTP/1.1" 200 206 "http://localhost:4200/editproduct" "Mozilla/5.0 (Windows NT 10.0; Win64; x64) AppleWebKit/537.36 (KHTML, like Gecko) Chrome/83.0.4103.116 Safari/537.36"
::1 - - [28/Jul/2020:16:15:48 +0000] "OPTIONS /farmer/5f10d09aada13685f830cfda HTTP/1.1" 204 0 "http://localhost:4200/editproduct" "Mozilla/5.0 (Windows NT 10.0; Win64; x64) AppleWebKit/537.36 (KHTML, like Gecko) Chrome/83.0.4103.116 Safari/537.36"
::1 - - [28/Jul/2020:16:15:48 +0000] "PATCH /farmer/5f10d09aada13685f830cfda HTTP/1.1" 200 28 "http://localhost:4200/editproduct" "Mozilla/5.0 (Windows NT 10.0; Win64; x64) AppleWebKit/537.36 (KHTML, like Gecko) Chrome/83.0.4103.116 Safari/537.36"
::1 - - [28/Jul/2020:16:15:48 +0000] "OPTIONS /farmer HTTP/1.1" 204 0 "http://localhost:4200/products" "Mozilla/5.0 (Windows NT 10.0; Win64; x64) AppleWebKit/537.36 (KHTML, like Gecko) Chrome/83.0.4103.116 Safari/537.36"
::1 - - [28/Jul/2020:16:15:48 +0000] "GET /farmer HTTP/1.1" 200 421 "http://localhost:4200/products" "Mozilla/5.0 (Windows NT 10.0; Win64; x64) AppleWebKit/537.36 (KHTML, like Gecko) Chrome/83.0.4103.116 Safari/537.36"
::1 - - [28/Jul/2020:16:16:06 +0000] "OPTIONS /farmersignin HTTP/1.1" 204 0 "http://localhost:4200/signin" "Mozilla/5.0 (Windows NT 10.0; Win64; x64) AppleWebKit/537.36 (KHTML, like Gecko) Chrome/83.0.4103.116 Safari/537.36"
::1 - - [28/Jul/2020:16:16:06 +0000] "POST /farmersignin HTTP/1.1" 200 388 "http://localhost:4200/signin" "Mozilla/5.0 (Windows NT 10.0; Win64; x64) AppleWebKit/537.36 (KHTML, like Gecko) Chrome/83.0.4103.116 Safari/537.36"
::1 - - [28/Jul/2020:16:16:07 +0000] "OPTIONS /farmer/orders HTTP/1.1" 204 0 "http://localhost:4200/orders" "Mozilla/5.0 (Windows NT 10.0; Win64; x64) AppleWebKit/537.36 (KHTML, like Gecko) Chrome/83.0.4103.116 Safari/537.36"
::1 - - [28/Jul/2020:16:16:07 +0000] "GET /farmer/orders HTTP/1.1" 304 - "http://localhost:4200/orders" "Mozilla/5.0 (Windows NT 10.0; Win64; x64) AppleWebKit/537.36 (KHTML, like Gecko) Chrome/83.0.4103.116 Safari/537.36"
::1 - - [28/Jul/2020:16:16:28 +0000] "OPTIONS /farmersignin HTTP/1.1" 204 0 "http://localhost:4200/signin" "Mozilla/5.0 (Windows NT 10.0; Win64; x64) AppleWebKit/537.36 (KHTML, like Gecko) Chrome/83.0.4103.116 Safari/537.36"
::1 - - [28/Jul/2020:16:16:28 +0000] "POST /farmersignin HTTP/1.1" 200 397 "http://localhost:4200/signin" "Mozilla/5.0 (Windows NT 10.0; Win64; x64) AppleWebKit/537.36 (KHTML, like Gecko) Chrome/83.0.4103.116 Safari/537.36"
::1 - - [28/Jul/2020:16:16:30 +0000] "OPTIONS /superuser/getfarmers HTTP/1.1" 204 0 "http://localhost:4200/allaccounts" "Mozilla/5.0 (Windows NT 10.0; Win64; x64) AppleWebKit/537.36 (KHTML, like Gecko) Chrome/83.0.4103.116 Safari/537.36"
::1 - - [28/Jul/2020:16:16:30 +0000] "GET /superuser/getfarmers HTTP/1.1" 200 914 "http://localhost:4200/allaccounts" "Mozilla/5.0 (Windows NT 10.0; Win64; x64) AppleWebKit/537.36 (KHTML, like Gecko) Chrome/83.0.4103.116 Safari/537.36"
::1 - - [28/Jul/2020:16:16:33 +0000] "OPTIONS /superuser/getcustomers HTTP/1.1" 204 0 "http://localhost:4200/allaccounts" "Mozilla/5.0 (Windows NT 10.0; Win64; x64) AppleWebKit/537.36 (KHTML, like Gecko) Chrome/83.0.4103.116 Safari/537.36"
::1 - - [28/Jul/2020:16:16:33 +0000] "GET /superuser/getcustomers HTTP/1.1" 200 604 "http://localhost:4200/allaccounts" "Mozilla/5.0 (Windows NT 10.0; Win64; x64) AppleWebKit/537.36 (KHTML, like Gecko) Chrome/83.0.4103.116 Safari/537.36"
::1 - - [28/Jul/2020:16:16:34 +0000] "GET /superuser/getfarmers HTTP/1.1" 304 - "http://localhost:4200/allaccounts" "Mozilla/5.0 (Windows NT 10.0; Win64; x64) AppleWebKit/537.36 (KHTML, like Gecko) Chrome/83.0.4103.116 Safari/537.36"
::1 - - [28/Jul/2020:16:16:35 +0000] "OPTIONS /superuser/transactions HTTP/1.1" 204 0 "http://localhost:4200/alltransactions" "Mozilla/5.0 (Windows NT 10.0; Win64; x64) AppleWebKit/537.36 (KHTML, like Gecko) Chrome/83.0.4103.116 Safari/537.36"
::1 - - [28/Jul/2020:16:16:35 +0000] "GET /superuser/transactions HTTP/1.1" 200 1246 "http://localhost:4200/alltransactions" "Mozilla/5.0 (Windows NT 10.0; Win64; x64) AppleWebKit/537.36 (KHTML, like Gecko) Chrome/83.0.4103.116 Safari/537.36"
::1 - - [28/Jul/2020:16:16:36 +0000] "OPTIONS /superuser/requestlog HTTP/1.1" 204 0 "http://localhost:4200/allrequests" "Mozilla/5.0 (Windows NT 10.0; Win64; x64) AppleWebKit/537.36 (KHTML, like Gecko) Chrome/83.0.4103.116 Safari/537.36"
::1 - - [28/Jul/2020:16:16:36 +0000] "GET /superuser/requestlog HTTP/1.1" 200 59295 "http://localhost:4200/allrequests" "Mozilla/5.0 (Windows NT 10.0; Win64; x64) AppleWebKit/537.36 (KHTML, like Gecko) Chrome/83.0.4103.116 Safari/537.36"
::1 - - [28/Jul/2020:16:16:57 +0000] "OPTIONS /superuser/transactions HTTP/1.1" 204 0 "http://localhost:4200/alltransactions" "Mozilla/5.0 (Windows NT 10.0; Win64; x64) AppleWebKit/537.36 (KHTML, like Gecko) Chrome/83.0.4103.116 Safari/537.36"
::1 - - [28/Jul/2020:16:16:57 +0000] "GET /superuser/transactions HTTP/1.1" 304 - "http://localhost:4200/alltransactions" "Mozilla/5.0 (Windows NT 10.0; Win64; x64) AppleWebKit/537.36 (KHTML, like Gecko) Chrome/83.0.4103.116 Safari/537.36"
::1 - - [28/Jul/2020:16:16:59 +0000] "OPTIONS /superuser/order/5f1a0ee5af9c6f61ac04ca57 HTTP/1.1" 204 0 "http://localhost:4200/transactiondetails" "Mozilla/5.0 (Windows NT 10.0; Win64; x64) AppleWebKit/537.36 (KHTML, like Gecko) Chrome/83.0.4103.116 Safari/537.36"
::1 - - [28/Jul/2020:16:16:59 +0000] "GET /superuser/order/5f1a0ee5af9c6f61ac04ca57 HTTP/1.1" 200 382 "http://localhost:4200/transactiondetails" "Mozilla/5.0 (Windows NT 10.0; Win64; x64) AppleWebKit/537.36 (KHTML, like Gecko) Chrome/83.0.4103.116 Safari/537.36"
::1 - - [28/Jul/2020:16:17:00 +0000] "GET /superuser/transactions HTTP/1.1" 304 - "http://localhost:4200/alltransactions" "Mozilla/5.0 (Windows NT 10.0; Win64; x64) AppleWebKit/537.36 (KHTML, like Gecko) Chrome/83.0.4103.116 Safari/537.36"
::1 - - [28/Jul/2020:16:17:01 +0000] "OPTIONS /superuser/order/5f19d87604d55170ec90c0c3 HTTP/1.1" 204 0 "http://localhost:4200/transactiondetails" "Mozilla/5.0 (Windows NT 10.0; Win64; x64) AppleWebKit/537.36 (KHTML, like Gecko) Chrome/83.0.4103.116 Safari/537.36"
::1 - - [28/Jul/2020:16:17:01 +0000] "GET /superuser/order/5f19d87604d55170ec90c0c3 HTTP/1.1" 200 477 "http://localhost:4200/transactiondetails" "Mozilla/5.0 (Windows NT 10.0; Win64; x64) AppleWebKit/537.36 (KHTML, like Gecko) Chrome/83.0.4103.116 Safari/537.36"
::1 - - [28/Jul/2020:16:17:03 +0000] "OPTIONS /superuser/transactions HTTP/1.1" 204 0 "http://localhost:4200/alltransactions" "Mozilla/5.0 (Windows NT 10.0; Win64; x64) AppleWebKit/537.36 (KHTML, like Gecko) Chrome/83.0.4103.116 Safari/537.36"
::1 - - [28/Jul/2020:16:17:03 +0000] "GET /superuser/transactions HTTP/1.1" 304 - "http://localhost:4200/alltransactions" "Mozilla/5.0 (Windows NT 10.0; Win64; x64) AppleWebKit/537.36 (KHTML, like Gecko) Chrome/83.0.4103.116 Safari/537.36"
::1 - - [28/Jul/2020:16:17:07 +0000] "OPTIONS /superuser/requestlog HTTP/1.1" 204 0 "http://localhost:4200/allrequests" "Mozilla/5.0 (Windows NT 10.0; Win64; x64) AppleWebKit/537.36 (KHTML, like Gecko) Chrome/83.0.4103.116 Safari/537.36"
::1 - - [28/Jul/2020:16:17:08 +0000] "GET /superuser/requestlog HTTP/1.1" 200 62123 "http://localhost:4200/allrequests" "Mozilla/5.0 (Windows NT 10.0; Win64; x64) AppleWebKit/537.36 (KHTML, like Gecko) Chrome/83.0.4103.116 Safari/537.36"
::1 - - [28/Jul/2020:16:17:10 +0000] "OPTIONS /superuser/getfarmers HTTP/1.1" 204 0 "http://localhost:4200/allaccounts" "Mozilla/5.0 (Windows NT 10.0; Win64; x64) AppleWebKit/537.36 (KHTML, like Gecko) Chrome/83.0.4103.116 Safari/537.36"
::1 - - [28/Jul/2020:16:17:10 +0000] "GET /superuser/getfarmers HTTP/1.1" 304 - "http://localhost:4200/allaccounts" "Mozilla/5.0 (Windows NT 10.0; Win64; x64) AppleWebKit/537.36 (KHTML, like Gecko) Chrome/83.0.4103.116 Safari/537.36"
::ffff:192.168.1.11 - - [28/Jul/2020:16:30:32 +0000] "POST /customersignin HTTP/1.1" 200 323 "-" "okhttp/3.12.1"
::ffff:192.168.1.11 - - [28/Jul/2020:16:30:32 +0000] "GET /customer/farmers HTTP/1.1" 200 602 "-" "okhttp/3.12.1"
::ffff:192.168.1.11 - - [28/Jul/2020:16:48:28 +0000] "POST /customersignin HTTP/1.1" 200 323 "-" "okhttp/3.12.1"
::ffff:192.168.1.11 - - [28/Jul/2020:16:48:28 +0000] "GET /customer/farmers HTTP/1.1" 304 - "-" "okhttp/3.12.1"
::1 - - [28/Jul/2020:17:54:31 +0000] "OPTIONS /farmersignin HTTP/1.1" 204 0 "http://localhost:4200/signin" "Mozilla/5.0 (Windows NT 10.0; Win64; x64) AppleWebKit/537.36 (KHTML, like Gecko) Chrome/83.0.4103.116 Safari/537.36"
::1 - - [28/Jul/2020:17:54:31 +0000] "POST /farmersignin HTTP/1.1" 200 388 "http://localhost:4200/signin" "Mozilla/5.0 (Windows NT 10.0; Win64; x64) AppleWebKit/537.36 (KHTML, like Gecko) Chrome/83.0.4103.116 Safari/537.36"
::1 - - [28/Jul/2020:19:14:38 +0000] "OPTIONS /farmersignin HTTP/1.1" 204 0 "-" "Mozilla/5.0 (Windows NT 10.0; Win64; x64) AppleWebKit/537.36 (KHTML, like Gecko) Chrome/83.0.4103.116 Safari/537.36"
::1 - - [28/Jul/2020:19:14:38 +0000] "POST /farmersignin HTTP/1.1" 200 388 "-" "Mozilla/5.0 (Windows NT 10.0; Win64; x64) AppleWebKit/537.36 (KHTML, like Gecko) Chrome/83.0.4103.116 Safari/537.36"
::1 - - [28/Jul/2020:19:14:42 +0000] "OPTIONS /farmer/orders HTTP/1.1" 204 0 "-" "Mozilla/5.0 (Windows NT 10.0; Win64; x64) AppleWebKit/537.36 (KHTML, like Gecko) Chrome/83.0.4103.116 Safari/537.36"
::1 - - [28/Jul/2020:19:14:42 +0000] "GET /farmer/orders HTTP/1.1" 304 - "-" "Mozilla/5.0 (Windows NT 10.0; Win64; x64) AppleWebKit/537.36 (KHTML, like Gecko) Chrome/83.0.4103.116 Safari/537.36"
::1 - - [28/Jul/2020:20:06:59 +0000] "OPTIONS /farmersignin HTTP/1.1" 204 0 "-" "Mozilla/5.0 (Windows NT 10.0; Win64; x64) AppleWebKit/537.36 (KHTML, like Gecko) Chrome/83.0.4103.116 Safari/537.36"
::1 - - [28/Jul/2020:20:06:59 +0000] "POST /farmersignin HTTP/1.1" 404 43 "-" "Mozilla/5.0 (Windows NT 10.0; Win64; x64) AppleWebKit/537.36 (KHTML, like Gecko) Chrome/83.0.4103.116 Safari/537.36"
::1 - - [28/Jul/2020:20:07:04 +0000] "OPTIONS /farmersignin HTTP/1.1" 204 0 "-" "Mozilla/5.0 (Windows NT 10.0; Win64; x64) AppleWebKit/537.36 (KHTML, like Gecko) Chrome/83.0.4103.116 Safari/537.36"
::1 - - [28/Jul/2020:20:07:04 +0000] "POST /farmersignin HTTP/1.1" 200 388 "-" "Mozilla/5.0 (Windows NT 10.0; Win64; x64) AppleWebKit/537.36 (KHTML, like Gecko) Chrome/83.0.4103.116 Safari/537.36"
::1 - - [28/Jul/2020:20:07:08 +0000] "OPTIONS /farmer/orders HTTP/1.1" 204 0 "-" "Mozilla/5.0 (Windows NT 10.0; Win64; x64) AppleWebKit/537.36 (KHTML, like Gecko) Chrome/83.0.4103.116 Safari/537.36"
::1 - - [28/Jul/2020:20:07:08 +0000] "GET /farmer/orders HTTP/1.1" 304 - "-" "Mozilla/5.0 (Windows NT 10.0; Win64; x64) AppleWebKit/537.36 (KHTML, like Gecko) Chrome/83.0.4103.116 Safari/537.36"
::1 - - [29/Jul/2020:16:48:07 +0000] "OPTIONS /farmersignin HTTP/1.1" 204 0 "http://localhost:4200/signin" "Mozilla/5.0 (Windows NT 10.0; Win64; x64) AppleWebKit/537.36 (KHTML, like Gecko) Chrome/83.0.4103.116 Safari/537.36"
::1 - - [29/Jul/2020:16:48:07 +0000] "POST /farmersignin HTTP/1.1" 200 388 "http://localhost:4200/signin" "Mozilla/5.0 (Windows NT 10.0; Win64; x64) AppleWebKit/537.36 (KHTML, like Gecko) Chrome/83.0.4103.116 Safari/537.36"
::1 - - [29/Jul/2020:17:16:41 +0000] "OPTIONS /farmersignup HTTP/1.1" 204 0 "http://localhost:4200/signup" "Mozilla/5.0 (Windows NT 10.0; Win64; x64) AppleWebKit/537.36 (KHTML, like Gecko) Chrome/83.0.4103.116 Safari/537.36"
::1 - - [29/Jul/2020:17:16:41 +0000] "POST /farmersignup HTTP/1.1" 201 39 "http://localhost:4200/signup" "Mozilla/5.0 (Windows NT 10.0; Win64; x64) AppleWebKit/537.36 (KHTML, like Gecko) Chrome/83.0.4103.116 Safari/537.36"
::1 - - [29/Jul/2020:17:18:38 +0000] "OPTIONS /farmersignup HTTP/1.1" 204 0 "http://localhost:4200/signup" "Mozilla/5.0 (Windows NT 10.0; Win64; x64) AppleWebKit/537.36 (KHTML, like Gecko) Chrome/83.0.4103.116 Safari/537.36"
::1 - - [29/Jul/2020:17:18:38 +0000] "POST /farmersignup HTTP/1.1" 201 39 "http://localhost:4200/signup" "Mozilla/5.0 (Windows NT 10.0; Win64; x64) AppleWebKit/537.36 (KHTML, like Gecko) Chrome/83.0.4103.116 Safari/537.36"
::1 - - [29/Jul/2020:17:26:00 +0000] "OPTIONS /farmersignup HTTP/1.1" 204 0 "http://localhost:4200/signup" "Mozilla/5.0 (Windows NT 10.0; Win64; x64) AppleWebKit/537.36 (KHTML, like Gecko) Chrome/83.0.4103.116 Safari/537.36"
::1 - - [29/Jul/2020:17:26:00 +0000] "POST /farmersignup HTTP/1.1" 201 39 "http://localhost:4200/signup" "Mozilla/5.0 (Windows NT 10.0; Win64; x64) AppleWebKit/537.36 (KHTML, like Gecko) Chrome/83.0.4103.116 Safari/537.36"
::1 - - [29/Jul/2020:17:26:23 +0000] "OPTIONS /farmersignin HTTP/1.1" 204 0 "http://localhost:4200/signin" "Mozilla/5.0 (Windows NT 10.0; Win64; x64) AppleWebKit/537.36 (KHTML, like Gecko) Chrome/83.0.4103.116 Safari/537.36"
::1 - - [29/Jul/2020:17:26:23 +0000] "POST /farmersignin HTTP/1.1" 200 392 "http://localhost:4200/signin" "Mozilla/5.0 (Windows NT 10.0; Win64; x64) AppleWebKit/537.36 (KHTML, like Gecko) Chrome/83.0.4103.116 Safari/537.36"
::1 - - [29/Jul/2020:17:34:53 +0000] "OPTIONS /farmersignup HTTP/1.1" 204 0 "http://localhost:4200/signup" "Mozilla/5.0 (Windows NT 10.0; Win64; x64) AppleWebKit/537.36 (KHTML, like Gecko) Chrome/83.0.4103.116 Safari/537.36"
::1 - - [29/Jul/2020:17:34:53 +0000] "POST /farmersignup HTTP/1.1" 201 39 "http://localhost:4200/signup" "Mozilla/5.0 (Windows NT 10.0; Win64; x64) AppleWebKit/537.36 (KHTML, like Gecko) Chrome/83.0.4103.116 Safari/537.36"
::1 - - [29/Jul/2020:18:05:51 +0000] "OPTIONS /farmersignup HTTP/1.1" 204 0 "http://localhost:4200/signup" "Mozilla/5.0 (Windows NT 10.0; Win64; x64) AppleWebKit/537.36 (KHTML, like Gecko) Chrome/83.0.4103.116 Safari/537.36"
::1 - - [29/Jul/2020:18:05:51 +0000] "POST /farmersignup HTTP/1.1" 201 39 "http://localhost:4200/signup" "Mozilla/5.0 (Windows NT 10.0; Win64; x64) AppleWebKit/537.36 (KHTML, like Gecko) Chrome/83.0.4103.116 Safari/537.36"
::1 - - [29/Jul/2020:18:08:45 +0000] "OPTIONS /farmersignin HTTP/1.1" 204 0 "http://localhost:4200/signin" "Mozilla/5.0 (Windows NT 10.0; Win64; x64) AppleWebKit/537.36 (KHTML, like Gecko) Chrome/83.0.4103.116 Safari/537.36"
::1 - - [29/Jul/2020:18:08:45 +0000] "POST /farmersignin HTTP/1.1" 200 392 "http://localhost:4200/signin" "Mozilla/5.0 (Windows NT 10.0; Win64; x64) AppleWebKit/537.36 (KHTML, like Gecko) Chrome/83.0.4103.116 Safari/537.36"
